HI->2017-07-16 00:52:11,334 INFO-Root WebApplicationContext: initialization started
HI->2017-07-16 00:52:11,382 INFO-Refreshing Root WebApplicationContext: startup date [Sun Jul 16 00:52:11 PDT 2017]; root of context hierarchy
HI->2017-07-16 00:52:11,423 INFO-Root WebApplicationContext: initialization completed in 88 ms
HI->2017-07-16 00:52:11,931 INFO-FrameworkServlet 'wenba-scheduler': initialization started
HI->2017-07-16 00:52:11,934 INFO-Refreshing WebApplicationContext for namespace 'wenba-scheduler-servlet': startup date [Sun Jul 16 00:52:11 PDT 2017]; parent: Root WebApplicationContext
HI->2017-07-16 00:52:11,935 INFO-Loading XML bean definitions from ServletContext resource [/WEB-INF/wenba-scheduler-servlet.xml]
HI->2017-07-16 00:52:12,134 INFO-Loading XML bean definitions from ServletContext resource [/WEB-INF/scheduler-beans.xml]
HI->2017-07-16 00:52:12,239 INFO-JSR-330 'javax.inject.Inject' annotation found and supported for autowiring
HI->2017-07-16 00:52:12,275 INFO-Initializing ExecutorService 
HI->2017-07-16 00:52:12,275 INFO-Bean 'AsyncTask' of type [class org.springframework.scheduling.config.TaskExecutorFactoryBean] is not eligible for getting processed by all BeanPostProcessors (for example: not eligible for auto-proxying)
HI->2017-07-16 00:52:12,275 INFO-Bean 'AsyncTask' of type [class org.springframework.scheduling.concurrent.ThreadPoolTaskExecutor] is not eligible for getting processed by all BeanPostProcessors (for example: not eligible for auto-proxying)
HI->2017-07-16 00:52:12,291 INFO-Initializing ExecutorService  'TimerTask'
HI->2017-07-16 00:52:12,292 INFO-Bean 'TimerTask' of type [class org.springframework.scheduling.concurrent.ThreadPoolTaskScheduler] is not eligible for getting processed by all BeanPostProcessors (for example: not eligible for auto-proxying)
HI->2017-07-16 00:52:12,436 INFO-Mapped "{[/wenba-scheduler/query],methods=[POST],params=[],headers=[],consumes=[],produces=[],custom=[]}" onto public org.springframework.web.servlet.ModelAndView com.wenba.scheduler.SchedulerController.handleQueryRequest(org.springframework.web.multipart.MultipartFile,java.lang.String,java.lang.String,java.lang.String,java.lang.String,java.lang.String,java.lang.Integer,javax.servlet.http.HttpServletRequest)
HI->2017-07-16 00:52:12,436 INFO-Mapped "{[/wenba-scheduler/queryById],methods=[POST],params=[],headers=[],consumes=[],produces=[],custom=[]}" onto public org.springframework.web.servlet.ModelAndView com.wenba.scheduler.SchedulerController.handleQueryByIdRequest(java.lang.String,javax.servlet.http.HttpServletRequest)
HI->2017-07-16 00:52:12,436 INFO-Mapped "{[/wenba-scheduler/miningHomework],methods=[POST],params=[],headers=[],consumes=[],produces=[],custom=[]}" onto public org.springframework.web.servlet.ModelAndView com.wenba.scheduler.SchedulerController.handleMiningHomeworkRequest(java.lang.String,java.lang.String,javax.servlet.http.HttpServletRequest)
HI->2017-07-16 00:52:12,436 INFO-Mapped "{[/wenba-scheduler/wordSearch],methods=[POST],params=[],headers=[],consumes=[],produces=[],custom=[]}" onto public org.springframework.web.servlet.ModelAndView com.wenba.scheduler.SchedulerController.handleWordSearchRequest(java.lang.String,java.lang.String,java.lang.String,java.lang.String,java.lang.Integer,javax.servlet.http.HttpServletRequest)
HI->2017-07-16 00:52:12,436 INFO-Mapped "{[/wenba-scheduler/wordSearchHbase],methods=[POST],params=[],headers=[],consumes=[],produces=[],custom=[]}" onto public org.springframework.web.servlet.ModelAndView com.wenba.scheduler.SchedulerController.handleWordSearchHbaseRequest(java.lang.String,java.lang.String,java.lang.String,java.lang.String,javax.servlet.http.HttpServletRequest)
HI->2017-07-16 00:52:12,436 INFO-Mapped "{[/wenba-scheduler/search],methods=[POST],params=[],headers=[],consumes=[],produces=[],custom=[]}" onto public org.springframework.web.servlet.ModelAndView com.wenba.scheduler.SchedulerController.handleSearchRequest(java.lang.String,java.lang.String,java.lang.String,java.lang.String,java.lang.Integer,javax.servlet.http.HttpServletRequest)
HI->2017-07-16 00:52:12,436 INFO-Mapped "{[/wenba-scheduler/articleQuery],methods=[POST],params=[],headers=[],consumes=[],produces=[],custom=[]}" onto public org.springframework.web.servlet.ModelAndView com.wenba.scheduler.SchedulerController.handleArticleQueryRequest(java.lang.String,java.lang.String,java.lang.String,java.lang.String,java.lang.Integer,java.lang.Integer,java.lang.Integer,java.lang.Long,java.lang.String,java.lang.Long,java.lang.String,java.lang.String,javax.servlet.http.HttpServletRequest)
HI->2017-07-16 00:52:12,437 INFO-Mapped "{[/wenba-scheduler/articleQueryById],methods=[POST],params=[],headers=[],consumes=[],produces=[],custom=[]}" onto public org.springframework.web.servlet.ModelAndView com.wenba.scheduler.SchedulerController.handleArticleQueryByIdRequest(java.lang.String,javax.servlet.http.HttpServletRequest)
HI->2017-07-16 00:52:12,437 INFO-Mapped "{[/wenba-scheduler/articleAutoComplete],methods=[POST],params=[],headers=[],consumes=[],produces=[],custom=[]}" onto public org.springframework.web.servlet.ModelAndView com.wenba.scheduler.SchedulerController.handleArticleAutoCompleteRequest(java.lang.String,java.lang.String,java.lang.Long,javax.servlet.http.HttpServletRequest)
HI->2017-07-16 00:52:12,437 INFO-Mapped "{[/wenba-scheduler/classicPoemQuery],methods=[POST],params=[],headers=[],consumes=[],produces=[],custom=[]}" onto public org.springframework.web.servlet.ModelAndView com.wenba.scheduler.SchedulerController.handleClassicPoemQueryRequest(java.lang.String,java.lang.Integer,javax.servlet.http.HttpServletRequest)
HI->2017-07-16 00:52:12,437 INFO-Mapped "{[/wenba-scheduler/classicPoemAutoComplete],methods=[POST],params=[],headers=[],consumes=[],produces=[],custom=[]}" onto public org.springframework.web.servlet.ModelAndView com.wenba.scheduler.SchedulerController.handleClassicPoemAutoCompleteRequest(java.lang.String,java.lang.Integer,javax.servlet.http.HttpServletRequest)
HI->2017-07-16 00:52:12,437 INFO-Mapped "{[/wenba-scheduler/emQuery],methods=[POST],params=[],headers=[],consumes=[],produces=[],custom=[]}" onto public org.springframework.web.servlet.ModelAndView com.wenba.scheduler.SchedulerController.handleEmQueryRequest(com.wenba.scheduler.em.EmRequestParam,javax.servlet.http.HttpServletRequest)
HI->2017-07-16 00:52:12,437 INFO-Mapped "{[/wenba-scheduler/queryHbaseByFid],methods=[GET || POST],params=[],headers=[],consumes=[],produces=[],custom=[]}" onto public org.springframework.web.servlet.ModelAndView com.wenba.scheduler.SchedulerController.handleQueryHbaseByFidRequest(java.lang.String,javax.servlet.http.HttpServletRequest)
HI->2017-07-16 00:52:12,437 INFO-Mapped "{[/wenba-scheduler/queryWithOcr],methods=[POST],params=[],headers=[],consumes=[],produces=[],custom=[]}" onto public org.springframework.web.servlet.ModelAndView com.wenba.scheduler.SchedulerController.handleQueryWithOcrRequest(org.springframework.web.multipart.MultipartFile,java.lang.String,java.lang.String,java.lang.String,java.lang.Integer,javax.servlet.http.HttpServletRequest)
HI->2017-07-16 00:52:12,437 INFO-Mapped "{[/wenba-scheduler/hbaseMigration],methods=[POST],params=[],headers=[],consumes=[],produces=[],custom=[]}" onto public org.springframework.web.servlet.ModelAndView com.wenba.scheduler.SchedulerController.handleHbaseMigrationRequest(java.lang.String,java.lang.Long,java.lang.Long,java.lang.Integer,java.lang.Integer,java.lang.Long,java.lang.Long,java.lang.Long,java.lang.Long,java.lang.Integer,java.lang.Integer,java.lang.Integer,java.lang.Boolean,javax.servlet.http.HttpServletRequest)
HI->2017-07-16 00:52:12,437 INFO-Mapped "{[/wenba-scheduler/querySubjectFilterFeed],methods=[POST],params=[],headers=[],consumes=[],produces=[],custom=[]}" onto public org.springframework.web.servlet.ModelAndView com.wenba.scheduler.SchedulerController.handleQuerySubjectFilterFeedRequest(java.lang.Long,java.lang.Integer,javax.servlet.http.HttpServletRequest)
HI->2017-07-16 00:52:12,438 INFO-Mapped "{[/wenba-scheduler/openQuery],methods=[POST],params=[],headers=[],consumes=[],produces=[],custom=[]}" onto public org.springframework.web.servlet.ModelAndView com.wenba.scheduler.SchedulerController.handleOpenQueryRequest(org.springframework.web.multipart.MultipartFile,java.lang.String,java.lang.String,java.lang.String,java.lang.String,java.lang.String,java.lang.String,java.lang.Integer,javax.servlet.http.HttpServletRequest)
HI->2017-07-16 00:52:12,438 INFO-Mapped "{[/wenba-scheduler/sdkQuery],methods=[POST],params=[],headers=[],consumes=[],produces=[],custom=[]}" onto public org.springframework.web.servlet.ModelAndView com.wenba.scheduler.SchedulerController.handleSdkQueryRequest(org.springframework.web.multipart.MultipartFile,java.lang.String,java.lang.String,java.lang.String,javax.servlet.http.HttpServletRequest)
HI->2017-07-16 00:52:12,438 INFO-Mapped "{[/wenba-scheduler/filterHbaseByFidSimilarity],methods=[POST],params=[],headers=[],consumes=[],produces=[],custom=[]}" onto public org.springframework.web.servlet.ModelAndView com.wenba.scheduler.SchedulerController.handleFilterHbaseByFidSimilarityRequest(java.lang.Long,java.lang.Long,java.lang.Float,java.lang.Float,javax.servlet.http.HttpServletRequest)
HI->2017-07-16 00:52:12,438 INFO-Mapped "{[/wenba-scheduler/wordSearchByFile],methods=[POST],params=[],headers=[],consumes=[],produces=[],custom=[]}" onto public org.springframework.web.servlet.ModelAndView com.wenba.scheduler.SchedulerController.handleWordSearchByFileRequest(org.springframework.web.multipart.MultipartFile,java.lang.String,java.lang.String,java.lang.String,java.lang.Integer,javax.servlet.http.HttpServletRequest)
HI->2017-07-16 00:52:12,438 INFO-Mapped "{[/wenba-scheduler/imgEnhance],methods=[POST],params=[],headers=[],consumes=[],produces=[],custom=[]}" onto public org.springframework.web.servlet.ModelAndView com.wenba.scheduler.SchedulerController.handleImgEnhanceRequest(org.springframework.web.multipart.MultipartFile,javax.servlet.http.HttpServletRequest,javax.servlet.http.HttpServletResponse)
HI->2017-07-16 00:52:12,438 INFO-Mapped "{[/wenba-scheduler/filterHbaseByFidStep],methods=[POST],params=[],headers=[],consumes=[],produces=[],custom=[]}" onto public org.springframework.web.servlet.ModelAndView com.wenba.scheduler.SchedulerController.handleFilterHbaseByFidStepRequest(java.lang.Long,java.lang.Long,java.lang.Integer,javax.servlet.http.HttpServletRequest)
HI->2017-07-16 00:52:12,438 INFO-Mapped "{[/wenba-scheduler/openWordSearchHbase],methods=[POST],params=[],headers=[],consumes=[],produces=[],custom=[]}" onto public org.springframework.web.servlet.ModelAndView com.wenba.scheduler.SchedulerController.handleOpenWordSearchHbaseRequest(java.lang.String,java.lang.String,java.lang.String,java.lang.String,java.lang.String,javax.servlet.http.HttpServletRequest)
HI->2017-07-16 00:52:12,438 INFO-Mapped "{[/wenba-scheduler/savePrepareLessonResults],methods=[POST],params=[],headers=[],consumes=[],produces=[],custom=[]}" onto public org.springframework.web.servlet.ModelAndView com.wenba.scheduler.SchedulerController.handleSavePrepareLessonResultsRequest(java.lang.String,javax.servlet.http.HttpServletRequest)
HI->2017-07-16 00:52:12,438 INFO-Mapped "{[/wenba-scheduler/retrievePrepareLessonResults],methods=[POST],params=[],headers=[],consumes=[],produces=[],custom=[]}" onto public org.springframework.web.servlet.ModelAndView com.wenba.scheduler.SchedulerController.handleRetrievePrepareLessonResultsRequest(java.lang.String,java.lang.String,javax.servlet.http.HttpServletRequest)
HI->2017-07-16 00:52:12,438 INFO-Mapped "{[/wenba-scheduler/handwriteOcr],methods=[POST],params=[],headers=[],consumes=[],produces=[],custom=[]}" onto public org.springframework.web.servlet.ModelAndView com.wenba.scheduler.SchedulerController.handleHandwriteOcrRequest(org.springframework.web.multipart.MultipartFile,java.lang.Integer,javax.servlet.http.HttpServletRequest)
HI->2017-07-16 00:52:12,438 INFO-Mapped "{[/wenba-scheduler/savePrepareLessonDirectory],methods=[POST],params=[],headers=[],consumes=[],produces=[],custom=[]}" onto public org.springframework.web.servlet.ModelAndView com.wenba.scheduler.SchedulerController.handleSavePrepareLessonDirectoryRequest(java.lang.String,javax.servlet.http.HttpServletRequest)
HI->2017-07-16 00:52:12,439 INFO-Mapped "{[/wenba-scheduler/retrievePrepareLessonDirectory],methods=[POST],params=[],headers=[],consumes=[],produces=[],custom=[]}" onto public org.springframework.web.servlet.ModelAndView com.wenba.scheduler.SchedulerController.handleRetrievePrepareLessonDirectoryRequest(java.lang.String,javax.servlet.http.HttpServletRequest)
HI->2017-07-16 00:52:12,439 INFO-Mapped "{[/wenba-scheduler/countHbaseByFidSimilarityWithFile],methods=[POST],params=[],headers=[],consumes=[],produces=[],custom=[]}" onto public org.springframework.web.servlet.ModelAndView com.wenba.scheduler.SchedulerController.handleCountHbaseByFidSimilarityWithFileRequest(org.springframework.web.multipart.MultipartFile,java.lang.Float,java.lang.Float,javax.servlet.http.HttpServletRequest)
HI->2017-07-16 00:52:12,439 INFO-Mapped "{[/wenba-scheduler/queryOcrResultByFid],methods=[POST],params=[],headers=[],consumes=[],produces=[],custom=[]}" onto public org.springframework.web.servlet.ModelAndView com.wenba.scheduler.SchedulerController.handleQueryOcrResultByFidRequest(java.lang.String,javax.servlet.http.HttpServletRequest)
HI->2017-07-16 00:52:12,439 INFO-Mapped "{[/wenba-scheduler/queryWithLimit],methods=[POST],params=[],headers=[],consumes=[],produces=[],custom=[]}" onto public org.springframework.web.servlet.ModelAndView com.wenba.scheduler.SchedulerController.handleQueryWithLimitRequest(org.springframework.web.multipart.MultipartFile,java.lang.String,java.lang.String,java.lang.String,java.lang.Integer,javax.servlet.http.HttpServletRequest)
HI->2017-07-16 00:52:12,439 INFO-Mapped "{[/wenba-scheduler/getFeedsByUid],methods=[GET || POST],params=[],headers=[],consumes=[],produces=[],custom=[]}" onto public org.springframework.web.servlet.ModelAndView com.wenba.scheduler.SchedulerController.handleGetFeedsByUidRequest(java.lang.Integer,javax.servlet.http.HttpServletRequest)
HI->2017-07-16 00:52:12,439 INFO-Mapped "{[/wenba-scheduler/getFeedsByFids],methods=[GET || POST],params=[],headers=[],consumes=[],produces=[],custom=[]}" onto public org.springframework.web.servlet.ModelAndView com.wenba.scheduler.SchedulerController.handleGetFeedsByFidsRequest(java.lang.String,javax.servlet.http.HttpServletRequest)
HI->2017-07-16 00:52:12,439 INFO-Mapped "{[/wenba-scheduler/matrixQuery],methods=[POST],params=[],headers=[],consumes=[],produces=[],custom=[]}" onto public org.springframework.web.servlet.ModelAndView com.wenba.scheduler.SchedulerController.handleMatrixQueryRequest(org.springframework.web.multipart.MultipartFile,java.lang.String,javax.servlet.http.HttpServletRequest)
HI->2017-07-16 00:52:12,439 INFO-Mapped "{[/wenba-scheduler/test],methods=[],params=[],headers=[],consumes=[],produces=[],custom=[]}" onto public org.springframework.web.servlet.ModelAndView com.wenba.scheduler.SchedulerController.handleTestRequest(javax.servlet.http.HttpServletRequest)
HI->2017-07-16 00:52:12,439 INFO-Mapped "{[/wenba-scheduler/login],methods=[],params=[],headers=[],consumes=[],produces=[],custom=[]}" onto public org.springframework.web.servlet.ModelAndView com.wenba.scheduler.SchedulerController.handleLoginRequest()
HI->2017-07-16 00:52:12,439 INFO-Mapped "{[/wenba-scheduler/loginProcess],methods=[POST],params=[],headers=[],consumes=[],produces=[],custom=[]}" onto public org.springframework.web.servlet.ModelAndView com.wenba.scheduler.SchedulerController.handleLoginProcess(com.wenba.scheduler.login.User)
HI->2017-07-16 00:52:12,440 INFO-Mapped "{[/wenba-scheduler/configProcess],methods=[POST],params=[],headers=[],consumes=[],produces=[],custom=[]}" onto public org.springframework.web.servlet.ModelAndView com.wenba.scheduler.SchedulerController.handleConfigProcess(javax.servlet.http.HttpServletRequest)
HI->2017-07-16 00:52:12,440 INFO-Mapped "{[/wenba-scheduler/bi],methods=[],params=[],headers=[],consumes=[],produces=[],custom=[]}" onto public org.springframework.web.servlet.ModelAndView com.wenba.scheduler.SchedulerController.handleBIRequest()
HI->2017-07-16 00:52:13,151 INFO-Mapped URL path [/**] onto handler 'org.springframework.web.servlet.resource.DefaultServletHttpRequestHandler#0'
HI->2017-07-16 00:52:15,557 INFO-FrameworkServlet 'wenba-scheduler': initialization completed in 3626 ms
HI->2017-07-16 00:52:32,999 INFO-Closing WebApplicationContext for namespace 'wenba-scheduler-servlet': startup date [Sun Jul 16 00:52:11 PDT 2017]; parent: Root WebApplicationContext
HI->2017-07-16 00:52:33,007 INFO-Shutting down ExecutorService 'TimerTask'
HI->2017-07-16 00:52:33,008 INFO-Shutting down ExecutorService
HI->2017-07-16 00:52:33,016 INFO-Closing Root WebApplicationContext: startup date [Sun Jul 16 00:52:11 PDT 2017]; root of context hierarchy
